#
# There is insufficient memory for the Java Runtime Environment to continue.
# Native memory allocation (malloc) failed to allocate 837776 bytes for Chunk::new
# Possible reasons:
#   The system is out of physical RAM or swap space
#   The process is running with CompressedOops enabled, and the Java Heap may be blocking the growth of the native heap
# Possible solutions:
#   Reduce memory load on the system
#   Increase physical memory or swap space
#   Check if swap backing store is full
#   Decrease Java heap size (-Xmx/-Xms)
#   Decrease number of Java threads
#   Decrease Java thread stack sizes (-Xss)
#   Set larger code cache with -XX:ReservedCodeCacheSize=
#   JVM is running with Unscaled Compressed Oops mode in which the Java heap is
#     placed in the first 4GB address space. The Java Heap base address is the
#     maximum limit for the native heap growth. Please use -XX:HeapBaseMinAddress
#     to set the Java Heap base and to place the Java Heap above 4GB virtual address.
# This output file may be truncated or incomplete.
#
#  Out of Memory Error (arena.cpp:191), pid=13980, tid=15720
#
# JRE version: OpenJDK Runtime Environment JBR-17.0.10+1-1087.17-jcef (17.0.10+1) (build 17.0.10+1-b1087.17)
# Java VM: OpenJDK 64-Bit Server VM JBR-17.0.10+1-1087.17-jcef (17.0.10+1-b1087.17, mixed mode, tiered, compressed oops, compressed class ptrs, g1 gc, windows-amd64)
# No core dump will be written. Minidumps are not enabled by default on client versions of Windows
#

---------------  S U M M A R Y ------------

Command Line: -Djava.rmi.server.hostname=127.0.0.1 -Duser.timezone=UTC -Xmx2048m -Xms128m -Djdbc.classpath=C:\Program Files\JetBrains\IntelliJ IDEA 2023.3.4\plugins\DatabaseTools\lib\jdbc-console.jar;C:\Users\bianc\AppData\Roaming\JetBrains\IntelliJIdea2023.3\jdbc-drivers\PostgreSQL\42.6.0\org\postgresql\postgresql\42.6.0\postgresql-42.6.0.jar;C:\Users\bianc\AppData\Roaming\JetBrains\IntelliJIdea2023.3\jdbc-drivers\PostgreSQL\42.6.0\org\checkerframework\checker-qual\3.31.0\checker-qual-3.31.0.jar;C:\Users\bianc\AppData\Roaming\JetBrains\IntelliJIdea2023.3\jdbc-drivers\PostgreSQL\42.6.0\com\github\waffle\waffle-jna\1.9.1\waffle-jna-1.9.1.jar;C:\Users\bianc\AppData\Roaming\JetBrains\IntelliJIdea2023.3\jdbc-drivers\PostgreSQL\42.6.0\net\java\dev\jna\jna\4.5.1\jna-4.5.1.jar;C:\Users\bianc\AppData\Roaming\JetBrains\IntelliJIdea2023.3\jdbc-drivers\PostgreSQL\42.6.0\net\java\dev\jna\jna-platform\4.5.1\jna-platform-4.5.1.jar;C:\Users\bianc\AppData\Roaming\JetBrains\IntelliJIdea2023.3\jdbc-drivers\PostgreSQL\42.6.0\org\slf4j\jcl-over-slf4j\1.7.25\jcl-over-slf4j-1.7.25.jar;C:\Users\bianc\AppData\Roaming\JetBrains\IntelliJIdea2023.3\jdbc-drivers\PostgreSQL\42.6.0\org\slf4j\slf4j-api\1.7.25\slf4j-api-1.7.25.jar;C:\Users\bianc\AppData\Roaming\JetBrains\IntelliJIdea2023.3\jdbc-drivers\PostgreSQL\42.6.0\com\github\ben-manes\caffeine\caffeine\2.6.2\caffeine-2.6.2.jar --add-exports=java.desktop/sun.awt=ALL-UNNAMED --add-exports=java.desktop/java.awt.peer=ALL-UNNAMED --add-opens=java.desktop/java.awt=ALL-UNNAMED --add-opens=jdk.unsupported/sun.misc=ALL-UNNAMED --add-opens=java.base/java.nio=ALL-UNNAMED --add-opens=java.base/java.util=ALL-UNNAMED -Dfile.encoding=UTF-8 com.intellij.database.remote.RemoteJdbcServer org.postgresql.Driver

Host: 11th Gen Intel(R) Core(TM) i3-1115G4 @ 3.00GHz, 4 cores, 3G,  Windows 11 , 64 bit Build 22621 (10.0.22621.3085)
Time: Wed Feb 28 09:43:11 2024 Hora oficial do Brasil elapsed time: 1.513504 seconds (0d 0h 0m 1s)

---------------  T H R E A D  ---------------

Current thread (0x000001e720041840):  JavaThread "C2 CompilerThread0" daemon [_thread_in_native, id=15720, stack(0x0000006cc3400000,0x0000006cc3500000)]


Current CompileTask:
C2:   1513  923       4       jdk.internal.org.objectweb.asm.Frame::execute (2305 bytes)

Stack: [0x0000006cc3400000,0x0000006cc3500000]
Native frames: (J=compiled Java code, j=interpreted, Vv=VM code, C=native code)
V  [jvm.dll+0x688ac9]
V  [jvm.dll+0x84220a]
V  [jvm.dll+0x843e4e]
V  [jvm.dll+0x8444b3]
V  [jvm.dll+0x24ba8f]
V  [jvm.dll+0xac524]
V  [jvm.dll+0xacb6c]
V  [jvm.dll+0x2b308f]
V  [jvm.dll+0x58ff37]
V  [jvm.dll+0x226102]
V  [jvm.dll+0x2264ef]
V  [jvm.dll+0x21f616]
V  [jvm.dll+0x21ca61]
V  [jvm.dll+0x1a603d]
V  [jvm.dll+0x22ca18]
V  [jvm.dll+0x22ab50]
V  [jvm.dll+0x7f6687]
V  [jvm.dll+0x7f0a8a]
V  [jvm.dll+0x687945]
C  [ucrtbase.dll+0x29363]
C  [KERNEL32.DLL+0x1257d]
C  [ntdll.dll+0x5aa58]


---------------  P R O C E S S  ---------------

Threads class SMR info:
_java_thread_list=0x000001e72067ffd0, length=22, elements={
0x000001e7024f0640, 0x000001e720014020, 0x000001e720015380, 0x000001e71bd84b00,
0x000001e71bd855d0, 0x000001e720035220, 0x000001e72003ac60, 0x000001e720041840,
0x000001e720046300, 0x000001e7200474a0, 0x000001e72003bb90, 0x000001e72003b170,
0x000001e7200383e0, 0x000001e7200388f0, 0x000001e720039820, 0x000001e720039d30,
0x000001e720038e00, 0x000001e720039310, 0x000001e72003a240, 0x000001e72003b680,
0x000001e72003a750, 0x000001e7206e1570
}

Java Threads: ( => current thread )
  0x000001e7024f0640 JavaThread "main" [_thread_blocked, id=6228, stack(0x0000006cc2700000,0x0000006cc2800000)]
  0x000001e720014020 JavaThread "Reference Handler" daemon [_thread_blocked, id=4628, stack(0x0000006cc2e00000,0x0000006cc2f00000)]
  0x000001e720015380 JavaThread "Finalizer" daemon [_thread_blocked, id=8904, stack(0x0000006cc2f00000,0x0000006cc3000000)]
  0x000001e71bd84b00 JavaThread "Signal Dispatcher" daemon [_thread_blocked, id=21340, stack(0x0000006cc3000000,0x0000006cc3100000)]
  0x000001e71bd855d0 JavaThread "Attach Listener" daemon [_thread_blocked, id=2112, stack(0x0000006cc3100000,0x0000006cc3200000)]
  0x000001e720035220 JavaThread "Service Thread" daemon [_thread_blocked, id=7508, stack(0x0000006cc3200000,0x0000006cc3300000)]
  0x000001e72003ac60 JavaThread "Monitor Deflation Thread" daemon [_thread_blocked, id=11832, stack(0x0000006cc3300000,0x0000006cc3400000)]
=>0x000001e720041840 JavaThread "C2 CompilerThread0" daemon [_thread_in_native, id=15720, stack(0x0000006cc3400000,0x0000006cc3500000)]
  0x000001e720046300 JavaThread "C1 CompilerThread0" daemon [_thread_in_native, id=2056, stack(0x0000006cc3500000,0x0000006cc3600000)]
  0x000001e7200474a0 JavaThread "Sweeper thread" daemon [_thread_blocked, id=1560, stack(0x0000006cc3600000,0x0000006cc3700000)]
  0x000001e72003bb90 JavaThread "Common-Cleaner" daemon [_thread_blocked, id=19704, stack(0x0000006cc3700000,0x0000006cc3800000)]
  0x000001e72003b170 JavaThread "Notification Thread" daemon [_thread_blocked, id=9776, stack(0x0000006cc3800000,0x0000006cc3900000)]
  0x000001e7200383e0 JavaThread "RMI TCP Accept-43369" daemon [_thread_in_native, id=9464, stack(0x0000006cc3a00000,0x0000006cc3b00000)]
  0x000001e7200388f0 JavaThread "RMI TCP Accept-0" daemon [_thread_in_native, id=12276, stack(0x0000006cc3b00000,0x0000006cc3c00000)]
  0x000001e720039820 JavaThread "RMI Reaper" [_thread_blocked, id=10656, stack(0x0000006cc3c00000,0x0000006cc3d00000)]
  0x000001e720039d30 JavaThread "RMI GC Daemon" daemon [_thread_blocked, id=21200, stack(0x0000006cc3d00000,0x0000006cc3e00000)]
  0x000001e720038e00 JavaThread "RMI TCP Connection(1)-127.0.0.1" daemon [_thread_in_native, id=20340, stack(0x0000006cc3e00000,0x0000006cc3f00000)]
  0x000001e720039310 JavaThread "RMI TCP Connection(2)-127.0.0.1" daemon [_thread_in_native, id=14860, stack(0x0000006cc3f00000,0x0000006cc4000000)]
  0x000001e72003a240 JavaThread "RMI Scheduler(0)" daemon [_thread_blocked, id=8428, stack(0x0000006cc4000000,0x0000006cc4100000)]
  0x000001e72003b680 JavaThread "RMI TCP Connection(3)-127.0.0.1" daemon [_thread_in_native, id=16984, stack(0x0000006cc4100000,0x0000006cc4200000)]
  0x000001e72003a750 JavaThread "RMI TCP Connection(4)-127.0.0.1" daemon [_thread_in_vm, id=3156, stack(0x0000006cc4200000,0x0000006cc4300000)]
  0x000001e7206e1570 JavaThread "RMI RenewClean-[127.0.0.1:55549]" daemon [_thread_blocked, id=17312, stack(0x0000006cc4300000,0x0000006cc4400000)]

Other Threads:
  0x000001e71bd6cbb0 VMThread "VM Thread" [stack: 0x0000006cc2d00000,0x0000006cc2e00000] [id=9720]
  0x000001e7201c9f00 WatcherThread [stack: 0x0000006cc3900000,0x0000006cc3a00000] [id=15668]
  0x000001e70254c8a0 GCTaskThread "GC Thread#0" [stack: 0x0000006cc2800000,0x0000006cc2900000] [id=22128]
  0x000001e70255e000 ConcurrentGCThread "G1 Main Marker" [stack: 0x0000006cc2900000,0x0000006cc2a00000] [id=15348]
  0x000001e70255ea90 ConcurrentGCThread "G1 Conc#0" [stack: 0x0000006cc2a00000,0x0000006cc2b00000] [id=21888]
  0x000001e70259e6c0 ConcurrentGCThread "G1 Refine#0" [stack: 0x0000006cc2b00000,0x0000006cc2c00000] [id=7852]
  0x000001e71bbc7650 ConcurrentGCThread "G1 Service" [stack: 0x0000006cc2c00000,0x0000006cc2d00000] [id=4904]

Threads with active compile tasks:
C2 CompilerThread0     1544  923       4       jdk.internal.org.objectweb.asm.Frame::execute (2305 bytes)

VM state: not at safepoint (normal execution)

VM Mutex/Monitor currently owned by a thread: None

Heap address: 0x0000000080000000, size: 2048 MB, Compressed Oops mode: 32-bit

CDS archive(s) not mapped
Compressed class space mapped at: 0x0000000100000000-0x0000000140000000, reserved size: 1073741824
Narrow klass base: 0x0000000000000000, Narrow klass shift: 3, Narrow klass range: 0x140000000

GC Precious Log:
 CPUs: 4 total, 4 available
 Memory: 3879M
 Large Page Support: Disabled
 NUMA Support: Disabled
 Compressed Oops: Enabled (32-bit)
 Heap Region Size: 1M
 Heap Min Capacity: 128M
 Heap Initial Capacity: 128M
 Heap Max Capacity: 2G
 Pre-touch: Disabled
 Parallel Workers: 4
 Concurrent Workers: 1
 Concurrent Refinement Workers: 4
 Periodic GC: Disabled

Heap:
 garbage-first heap   total 131072K, used 14336K [0x0000000080000000, 0x0000000100000000)
  region size 1024K, 13 young (13312K), 0 survivors (0K)
 Metaspace       used 14232K, committed 14528K, reserved 1114112K
  class space    used 1480K, committed 1664K, reserved 1048576K

Heap Regions: E=young(eden), S=young(survivor), O=old, HS=humongous(starts), HC=humongous(continues), CS=collection set, F=free, OA=open archive, CA=closed archive, TAMS=top-at-mark-start (previous, next)
|   0|0x0000000080000000, 0x0000000080100000, 0x0000000080100000|100%|HS|  |TAMS 0x0000000080000000, 0x0000000080000000| Complete 
|   1|0x0000000080100000, 0x0000000080200000, 0x0000000080200000|100%|HC|  |TAMS 0x0000000080100000, 0x0000000080100000| Complete 
|   2|0x0000000080200000, 0x0000000080300000, 0x0000000080300000|100%|HC|  |TAMS 0x0000000080200000, 0x0000000080200000| Complete 
|   3|0x0000000080300000, 0x0000000080300000, 0x0000000080400000|  0%| F|  |TAMS 0x0000000080300000, 0x0000000080300000| Untracked 
|   4|0x0000000080400000, 0x0000000080400000, 0x0000000080500000|  0%| F|  |TAMS 0x0000000080400000, 0x0000000080400000| Untracked 
|   5|0x0000000080500000, 0x0000000080500000, 0x0000000080600000|  0%| F|  |TAMS 0x0000000080500000, 0x0000000080500000| Untracked 
|   6|0x0000000080600000, 0x0000000080600000, 0x0000000080700000|  0%| F|  |TAMS 0x0000000080600000, 0x0000000080600000| Untracked 
|   7|0x0000000080700000, 0x0000000080700000, 0x0000000080800000|  0%| F|  |TAMS 0x0000000080700000, 0x0000000080700000| Untracked 
|   8|0x0000000080800000, 0x0000000080800000, 0x0000000080900000|  0%| F|  |TAMS 0x0000000080800000, 0x0000000080800000| Untracked 
|   9|0x0000000080900000, 0x0000000080900000, 0x0000000080a00000|  0%| F|  |TAMS 0x0000000080900000, 0x0000000080900000| Untracked 
|  10|0x0000000080a00000, 0x0000000080a00000, 0x0000000080b00000|  0%| F|  |TAMS 0x0000000080a00000, 0x0000000080a00000| Untracked 
|  11|0x0000000080b00000, 0x0000000080b00000, 0x0000000080c00000|  0%| F|  |TAMS 0x0000000080b00000, 0x0000000080b00000| Untracked 
|  12|0x0000000080c00000, 0x0000000080c00000, 0x0000000080d00000|  0%| F|  |TAMS 0x0000000080c00000, 0x0000000080c00000| Untracked 
|  13|0x0000000080d00000, 0x0000000080d00000, 0x0000000080e00000|  0%| F|  |TAMS 0x0000000080d00000, 0x0000000080d00000| Untracked 
|  14|0x0000000080e00000, 0x0000000080e00000, 0x0000000080f00000|  0%| F|  |TAMS 0x0000000080e00000, 0x0000000080e00000| Untracked 
|  15|0x0000000080f00000, 0x0000000080f00000, 0x0000000081000000|  0%| F|  |TAMS 0x0000000080f00000, 0x0000000080f00000| Untracked 
|  16|0x0000000081000000, 0x0000000081000000, 0x0000000081100000|  0%| F|  |TAMS 0x0000000081000000, 0x0000000081000000| Untracked 
|  17|0x0000000081100000, 0x0000000081100000, 0x0000000081200000|  0%| F|  |TAMS 0x0000000081100000, 0x0000000081100000| Untracked 
|  18|0x0000000081200000, 0x0000000081200000, 0x0000000081300000|  0%| F|  |TAMS 0x0000000081200000, 0x0000000081200000| Untracked 
|  19|0x0000000081300000, 0x0000000081300000, 0x0000000081400000|  0%| F|  |TAMS 0x0000000081300000, 0x0000000081300000| Untracked 
|  20|0x0000000081400000, 0x0000000081400000, 0x0000000081500000|  0%| F|  |TAMS 0x0000000081400000, 0x0000000081400000| Untracked 
|  21|0x0000000081500000, 0x0000000081500000, 0x0000000081600000|  0%| F|  |TAMS 0x0000000081500000, 0x0000000081500000| Untracked 
|  22|0x0000000081600000, 0x0000000081600000, 0x0000000081700000|  0%| F|  |TAMS 0x0000000081600000, 0x0000000081600000| Untracked 
|  23|0x0000000081700000, 0x0000000081700000, 0x0000000081800000|  0%| F|  |TAMS 0x0000000081700000, 0x0000000081700000| Untracked 
|  24|0x0000000081800000, 0x0000000081800000, 0x0000000081900000|  0%| F|  |TAMS 0x0000000081800000, 0x0000000081800000| Untracked 
|  25|0x0000000081900000, 0x0000000081900000, 0x0000000081a00000|  0%| F|  |TAMS 0x0000000081900000, 0x0000000081900000| Untracked 
|  26|0x0000000081a00000, 0x0000000081a00000, 0x0000000081b00000|  0%| F|  |TAMS 0x0000000081a00000, 0x0000000081a00000| Untracked 
|  27|0x0000000081b00000, 0x0000000081b00000, 0x0000000081c00000|  0%| F|  |TAMS 0x0000000081b00000, 0x0000000081b00000| Untracked 
|  28|0x0000000081c00000, 0x0000000081c00000, 0x0000000081d00000|  0%| F|  |TAMS 0x0000000081c00000, 0x0000000081c00000| Untracked 
|  29|0x0000000081d00000, 0x0000000081d00000, 0x0000000081e00000|  0%| F|  |TAMS 0x0000000081d00000, 0x0000000081d00000| Untracked 
|  30|0x0000000081e00000, 0x0000000081e00000, 0x0000000081f00000|  0%| F|  |TAMS 0x0000000081e00000, 0x0000000081e00000| Untracked 
|  31|0x0000000081f00000, 0x0000000081f00000, 0x0000000082000000|  0%| F|  |TAMS 0x0000000081f00000, 0x0000000081f00000| Untracked 
|  32|0x0000000082000000, 0x0000000082000000, 0x0000000082100000|  0%| F|  |TAMS 0x0000000082000000, 0x0000000082000000| Untracked 
|  33|0x0000000082100000, 0x0000000082100000, 0x0000000082200000|  0%| F|  |TAMS 0x0000000082100000, 0x0000000082100000| Untracked 
|  34|0x0000000082200000, 0x0000000082200000, 0x0000000082300000|  0%| F|  |TAMS 0x0000000082200000, 0x0000000082200000| Untracked 
|  35|0x0000000082300000, 0x0000000082300000, 0x0000000082400000|  0%| F|  |TAMS 0x0000000082300000, 0x0000000082300000| Untracked 
|  36|0x0000000082400000, 0x0000000082400000, 0x0000000082500000|  0%| F|  |TAMS 0x0000000082400000, 0x0000000082400000| Untracked 
|  37|0x0000000082500000, 0x0000000082500000, 0x0000000082600000|  0%| F|  |TAMS 0x0000000082500000, 0x0000000082500000| Untracked 
|  38|0x0000000082600000, 0x0000000082600000, 0x0000000082700000|  0%| F|  |TAMS 0x0000000082600000, 0x0000000082600000| Untracked 
|  39|0x0000000082700000, 0x0000000082700000, 0x0000000082800000|  0%| F|  |TAMS 0x0000000082700000, 0x0000000082700000| Untracked 
|  40|0x0000000082800000, 0x0000000082800000, 0x0000000082900000|  0%| F|  |TAMS 0x0000000082800000, 0x0000000082800000| Untracked 
|  41|0x0000000082900000, 0x0000000082900000, 0x0000000082a00000|  0%| F|  |TAMS 0x0000000082900000, 0x0000000082900000| Untracked 
|  42|0x0000000082a00000, 0x0000000082a00000, 0x0000000082b00000|  0%| F|  |TAMS 0x0000000082a00000, 0x0000000082a00000| Untracked 
|  43|0x0000000082b00000, 0x0000000082b00000, 0x0000000082c00000|  0%| F|  |TAMS 0x0000000082b00000, 0x0000000082b00000| Untracked 
|  44|0x0000000082c00000, 0x0000000082c00000, 0x0000000082d00000|  0%| F|  |TAMS 0x0000000082c00000, 0x0000000082c00000| Untracked 
|  45|0x0000000082d00000, 0x0000000082d00000, 0x0000000082e00000|  0%| F|  |TAMS 0x0000000082d00000, 0x0000000082d00000| Untracked 
|  46|0x0000000082e00000, 0x0000000082e00000, 0x0000000082f00000|  0%| F|  |TAMS 0x0000000082e00000, 0x0000000082e00000| Untracked 
|  47|0x0000000082f00000, 0x0000000082f00000, 0x0000000083000000|  0%| F|  |TAMS 0x0000000082f00000, 0x0000000082f00000| Untracked 
|  48|0x0000000083000000, 0x0000000083000000, 0x0000000083100000|  0%| F|  |TAMS 0x0000000083000000, 0x0000000083000000| Untracked 
|  49|0x0000000083100000, 0x0000000083100000, 0x0000000083200000|  0%| F|  |TAMS 0x0000000083100000, 0x0000000083100000| Untracked 
|  50|0x0000000083200000, 0x0000000083200000, 0x0000000083300000|  0%| F|  |TAMS 0x0000000083200000, 0x0000000083200000| Untracked 
|  51|0x0000000083300000, 0x0000000083300000, 0x0000000083400000|  0%| F|  |TAMS 0x0000000083300000, 0x0000000083300000| Untracked 
|  52|0x0000000083400000, 0x0000000083400000, 0x0000000083500000|  0%| F|  |TAMS 0x0000000083400000, 0x0000000083400000| Untracked 
|  53|0x0000000083500000, 0x0000000083500000, 0x0000000083600000|  0%| F|  |TAMS 0x0000000083500000, 0x0000000083500000| Untracked 
|  54|0x0000000083600000, 0x0000000083600000, 0x0000000083700000|  0%| F|  |TAMS 0x0000000083600000, 0x0000000083600000| Untracked 
|  55|0x0000000083700000, 0x0000000083700000, 0x0000000083800000|  0%| F|  |TAMS 0x0000000083700000, 0x0000000083700000| Untracked 
|  56|0x0000000083800000, 0x0000000083800000, 0x0000000083900000|  0%| F|  |TAMS 0x0000000083800000, 0x0000000083800000| Untracked 
|  57|0x0000000083900000, 0x0000000083900000, 0x0000000083a00000|  0%| F|  |TAMS 0x0000000083900000, 0x0000000083900000| Untracked 
|  58|0x0000000083a00000, 0x0000000083a00000, 0x0000000083b00000|  0%| F|  |TAMS 0x0000000083a00000, 0x0000000083a00000| Untracked 
|  59|0x0000000083b00000, 0x0000000083b00000, 0x0000000083c00000|  0%| F|  |TAMS 0x0000000083b00000, 0x0000000083b00000| Untracked 
|  60|0x0000000083c00000, 0x0000000083c00000, 0x0000000083d00000|  0%| F|  |TAMS 0x0000000083c00000, 0x0000000083c00000| Untracked 
|  61|0x0000000083d00000, 0x0000000083d00000, 0x0000000083e00000|  0%| F|  |TAMS 0x0000000083d00000, 0x0000000083d00000| Untracked 
|  62|0x0000000083e00000, 0x0000000083e00000, 0x0000000083f00000|  0%| F|  |TAMS 0x0000000083e00000, 0x0000000083e00000| Untracked 
|  63|0x0000000083f00000, 0x0000000083f00000, 0x0000000084000000|  0%| F|  |TAMS 0x0000000083f00000, 0x0000000083f00000| Untracked 
|  64|0x0000000084000000, 0x0000000084000000, 0x0000000084100000|  0%| F|  |TAMS 0x0000000084000000, 0x0000000084000000| Untracked 
|  65|0x0000000084100000, 0x0000000084100000, 0x0000000084200000|  0%| F|  |TAMS 0x0000000084100000, 0x0000000084100000| Untracked 
|  66|0x0000000084200000, 0x0000000084200000, 0x0000000084300000|  0%| F|  |TAMS 0x0000000084200000, 0x0000000084200000| Untracked 
|  67|0x0000000084300000, 0x0000000084300000, 0x0000000084400000|  0%| F|  |TAMS 0x0000000084300000, 0x0000000084300000| Untracked 
|  68|0x0000000084400000, 0x0000000084400000, 0x0000000084500000|  0%| F|  |TAMS 0x0000000084400000, 0x0000000084400000| Untracked 
|  69|0x0000000084500000, 0x0000000084500000, 0x0000000084600000|  0%| F|  |TAMS 0x0000000084500000, 0x0000000084500000| Untracked 
|  70|0x0000000084600000, 0x0000000084600000, 0x0000000084700000|  0%| F|  |TAMS 0x0000000084600000, 0x0000000084600000| Untracked 
|  71|0x0000000084700000, 0x0000000084700000, 0x0000000084800000|  0%| F|  |TAMS 0x0000000084700000, 0x0000000084700000| Untracked 
|  72|0x0000000084800000, 0x0000000084800000, 0x0000000084900000|  0%| F|  |TAMS 0x0000000084800000, 0x0000000084800000| Untracked 
|  73|0x0000000084900000, 0x0000000084900000, 0x0000000084a00000|  0%| F|  |TAMS 0x0000000084900000, 0x0000000084900000| Untracked 
|  74|0x0000000084a00000, 0x0000000084a00000, 0x0000000084b00000|  0%| F|  |TAMS 0x0000000084a00000, 0x0000000084a00000| Untracked 
|  75|0x0000000084b00000, 0x0000000084b00000, 0x0000000084c00000|  0%| F|  |TAMS 0x0000000084b00000, 0x0000000084b00000| Untracked 
|  76|0x0000000084c00000, 0x0000000084c00000, 0x0000000084d00000|  0%| F|  |TAMS 0x0000000084c00000, 0x0000000084c00000| Untracked 
|  77|0x0000000084d00000, 0x0000000084d00000, 0x0000000084e00000|  0%| F|  |TAMS 0x0000000084d00000, 0x0000000084d00000| Untracked 
|  78|0x0000000084e00000, 0x0000000084e00000, 0x0000000084f00000|  0%| F|  |TAMS 0x0000000084e00000, 0x0000000084e00000| Untracked 
|  79|0x0000000084f00000, 0x0000000084f00000, 0x0000000085000000|  0%| F|  |TAMS 0x0000000084f00000, 0x0000000084f00000| Untracked 
|  80|0x0000000085000000, 0x0000000085000000, 0x0000000085100000|  0%| F|  |TAMS 0x0000000085000000, 0x0000000085000000| Untracked 
|  81|0x0000000085100000, 0x0000000085100000, 0x0000000085200000|  0%| F|  |TAMS 0x0000000085100000, 0x0000000085100000| Untracked 
|  82|0x0000000085200000, 0x0000000085200000, 0x0000000085300000|  0%| F|  |TAMS 0x0000000085200000, 0x0000000085200000| Untracked 
|  83|0x0000000085300000, 0x0000000085300000, 0x0000000085400000|  0%| F|  |TAMS 0x0000000085300000, 0x0000000085300000| Untracked 
|  84|0x0000000085400000, 0x0000000085400000, 0x0000000085500000|  0%| F|  |TAMS 0x0000000085400000, 0x0000000085400000| Untracked 
|  85|0x0000000085500000, 0x0000000085500000, 0x0000000085600000|  0%| F|  |TAMS 0x0000000085500000, 0x0000000085500000| Untracked 
|  86|0x0000000085600000, 0x0000000085600000, 0x0000000085700000|  0%| F|  |TAMS 0x0000000085600000, 0x0000000085600000| Untracked 
|  87|0x0000000085700000, 0x0000000085700000, 0x0000000085800000|  0%| F|  |TAMS 0x0000000085700000, 0x0000000085700000| Untracked 
|  88|0x0000000085800000, 0x0000000085800000, 0x0000000085900000|  0%| F|  |TAMS 0x0000000085800000, 0x0000000085800000| Untracked 
|  89|0x0000000085900000, 0x0000000085900000, 0x0000000085a00000|  0%| F|  |TAMS 0x0000000085900000, 0x0000000085900000| Untracked 
|  90|0x0000000085a00000, 0x0000000085a00000, 0x0000000085b00000|  0%| F|  |TAMS 0x0000000085a00000, 0x0000000085a00000| Untracked 
|  91|0x0000000085b00000, 0x0000000085b00000, 0x0000000085c00000|  0%| F|  |TAMS 0x0000000085b00000, 0x0000000085b00000| Untracked 
|  92|0x0000000085c00000, 0x0000000085c00000, 0x0000000085d00000|  0%| F|  |TAMS 0x0000000085c00000, 0x0000000085c00000| Untracked 
|  93|0x0000000085d00000, 0x0000000085d00000, 0x0000000085e00000|  0%| F|  |TAMS 0x0000000085d00000, 0x0000000085d00000| Untracked 
|  94|0x0000000085e00000, 0x0000000085e00000, 0x0000000085f00000|  0%| F|  |TAMS 0x0000000085e00000, 0x0000000085e00000| Untracked 
|  95|0x0000000085f00000, 0x0000000085f00000, 0x0000000086000000|  0%| F|  |TAMS 0x0000000085f00000, 0x0000000085f00000| Untracked 
|  96|0x0000000086000000, 0x0000000086000000, 0x0000000086100000|  0%| F|  |TAMS 0x0000000086000000, 0x0000000086000000| Untracked 
|  97|0x0000000086100000, 0x0000000086100000, 0x0000000086200000|  0%| F|  |TAMS 0x0000000086100000, 0x0000000086100000| Untracked 
|  98|0x0000000086200000, 0x0000000086200000, 0x0000000086300000|  0%| F|  |TAMS 0x0000000086200000, 0x0000000086200000| Untracked 
|  99|0x0000000086300000, 0x0000000086300000, 0x0000000086400000|  0%| F|  |TAMS 0x0000000086300000, 0x0000000086300000| Untracked 
| 100|0x0000000086400000, 0x0000000086400000, 0x0000000086500000|  0%| F|  |TAMS 0x0000000086400000, 0x0000000086400000| Untracked 
| 101|0x0000000086500000, 0x0000000086500000, 0x0000000086600000|  0%| F|  |TAMS 0x0000000086500000, 0x0000000086500000| Untracked 
| 102|0x0000000086600000, 0x0000000086600000, 0x0000000086700000|  0%| F|  |TAMS 0x0000000086600000, 0x0000000086600000| Untracked 
| 103|0x0000000086700000, 0x0000000086700000, 0x0000000086800000|  0%| F|  |TAMS 0x0000000086700000, 0x0000000086700000| Untracked 
| 104|0x0000000086800000, 0x0000000086800000, 0x0000000086900000|  0%| F|  |TAMS 0x0000000086800000, 0x0000000086800000| Untracked 
| 105|0x0000000086900000, 0x0000000086900000, 0x0000000086a00000|  0%| F|  |TAMS 0x0000000086900000, 0x0000000086900000| Untracked 
| 106|0x0000000086a00000, 0x0000000086a00000, 0x0000000086b00000|  0%| F|  |TAMS 0x0000000086a00000, 0x0000000086a00000| Untracked 
| 107|0x0000000086b00000, 0x0000000086b00000, 0x0000000086c00000|  0%| F|  |TAMS 0x0000000086b00000, 0x0000000086b00000| Untracked 
| 108|0x0000000086c00000, 0x0000000086c00000, 0x0000000086d00000|  0%| F|  |TAMS 0x0000000086c00000, 0x0000000086c00000| Untracked 
| 109|0x0000000086d00000, 0x0000000086d00000, 0x0000000086e00000|  0%| F|  |TAMS 0x0000000086d00000, 0x0000000086d00000| Untracked 
| 110|0x0000000086e00000, 0x0000000086e00000, 0x0000000086f00000|  0%| F|  |TAMS 0x0000000086e00000, 0x0000000086e00000| Untracked 
| 111|0x0000000086f00000, 0x0000000086f00000, 0x0000000087000000|  0%| F|  |TAMS 0x0000000086f00000, 0x0000000086f00000| Untracked 
| 112|0x0000000087000000, 0x0000000087000000, 0x0000000087100000|  0%| F|  |TAMS 0x0000000087000000, 0x0000000087000000| Untracked 
| 113|0x0000000087100000, 0x0000000087100000, 0x0000000087200000|  0%| F|  |TAMS 0x0000000087100000, 0x0000000087100000| Untracked 
| 114|0x0000000087200000, 0x0000000087200000, 0x0000000087300000|  0%| F|  |TAMS 0x0000000087200000, 0x0000000087200000| Untracked 
| 115|0x0000000087300000, 0x00000000873f8190, 0x0000000087400000| 96%| E|  |TAMS 0x0000000087300000, 0x0000000087300000| Complete 
| 116|0x0000000087400000, 0x0000000087500000, 0x0000000087500000|100%| E|CS|TAMS 0x0000000087400000, 0x0000000087400000| Complete 
| 117|0x0000000087500000, 0x0000000087600000, 0x0000000087600000|100%| E|CS|TAMS 0x0000000087500000, 0x0000000087500000| Complete 
| 118|0x0000000087600000, 0x0000000087700000, 0x0000000087700000|100%| E|CS|TAMS 0x0000000087600000, 0x0000000087600000| Complete 
| 119|0x0000000087700000, 0x0000000087800000, 0x0000000087800000|100%| E|CS|TAMS 0x0000000087700000, 0x0000000087700000| Complete 
| 120|0x0000000087800000, 0x0000000087900000, 0x0000000087900000|100%| E|CS|TAMS 0x0000000087800000, 0x0000000087800000| Complete 
| 121|0x0000000087900000, 0x0000000087a00000, 0x0000000087a00000|100%| E|CS|TAMS 0x0000000087900000, 0x0000000087900000| Complete 
| 122|0x0000000087a00000, 0x0000000087b00000, 0x0000000087b00000|100%| E|CS|TAMS 0x0000000087a00000, 0x0000000087a00000| Complete 
| 123|0x0000000087b00000, 0x0000000087c00000, 0x0000000087c00000|100%| E|CS|TAMS 0x0000000087b00000, 0x0000000087b00000| Complete 
| 124|0x0000000087c00000, 0x0000000087d00000, 0x0000000087d00000|100%| E|CS|TAMS 0x0000000087c00000, 0x0000000087c00000| Complete 
| 125|0x0000000087d00000, 0x0000000087e00000, 0x0000000087e00000|100%| E|CS|TAMS 0x0000000087d00000, 0x0000000087d00000| Complete 
| 126|0x0000000087e00000, 0x0000000087f00000, 0x0000000087f00000|100%| E|  |TAMS 0x0000000087e00000, 0x0000000087e00000| Complete 
| 127|0x0000000087f00000, 0x0000000088000000, 0x0000000088000000|100%| E|CS|TAMS 0x0000000087f00000, 0x0000000087f00000| Complete 

Card table byte_map: [0x000001e715060000,0x000001e715460000] _byte_map_base: 0x000001e714c60000

Marking Bits (Prev, Next): (CMBitMap*) 0x000001e70254cec0, (CMBitMap*) 0x000001e70254cf00
 Prev Bits: [0x000001e715860000, 0x000001e717860000)
 Next Bits: [0x000001e717860000, 0x000001e719860000)

Polling page: 0x000001e700300000

Metaspace:

Usage:
  Non-class:     12.47 MB used.
      Class:      1.45 MB used.
       Both:     13.91 MB used.

Virtual space:
  Non-class space:       64.00 MB reserved,      12.56 MB ( 20%) committed,  1 nodes.
      Class space:        1.00 GB reserved,       1.62 MB ( <1%) committed,  1 nodes.
             Both:        1.06 GB reserved,      14.19 MB (  1%) committed. 

Chunk freelists:
   Non-Class:  3.32 MB
       Class:  14.23 MB
        Both:  17.55 MB

MaxMetaspaceSize: unlimited
CompressedClassSpaceSize: 1.00 GB
Initial GC threshold: 21.00 MB
Current GC threshold: 21.00 MB
CDS: off
MetaspaceReclaimPolicy: balanced
 - commit_granule_bytes: 65536.
 - commit_granule_words: 8192.
 - virtual_space_node_default_size: 8388608.
 - enlarge_chunks_in_place: 1.
 - new_chunks_are_fully_committed: 0.
 - uncommit_free_chunks: 1.
 - use_allocation_guard: 0.
 - handle_deallocations: 1.


Internal statistics:

num_allocs_failed_limit: 0.
num_arena_births: 248.
num_arena_deaths: 0.
num_vsnodes_births: 2.
num_vsnodes_deaths: 0.
num_space_committed: 227.
num_space_uncommitted: 0.
num_chunks_returned_to_freelist: 0.
num_chunks_taken_from_freelist: 421.
num_chunk_merges: 0.
num_chunk_splits: 246.
num_chunks_enlarged: 115.
num_inconsistent_stats: 0.

CodeHeap 'non-profiled nmethods': size=120000Kb used=284Kb max_used=284Kb free=119715Kb
 bounds [0x000001e70d730000, 0x000001e70d9a0000, 0x000001e714c60000]
CodeHeap 'profiled nmethods': size=120000Kb used=1547Kb max_used=1547Kb free=118452Kb
 bounds [0x000001e705c60000, 0x000001e705ed0000, 0x000001e70d190000]
CodeHeap 'non-nmethods': size=5760Kb used=1169Kb max_used=1182Kb free=4590Kb
 bounds [0x000001e70d190000, 0x000001e70d400000, 0x000001e70d730000]
 total_blobs=1407 nmethods=955 adapters=365
 compilation: enabled
              stopped_count=0, restarted_count=0
 full_count=0

Compilation events (20 events):
Event: 1.453 Thread 0x000001e720046300  927       3       java.util.concurrent.ConcurrentHashMap$ValueIterator::next (34 bytes)
Event: 1.453 Thread 0x000001e720046300 nmethod 927 0x000001e705dd5210 code [0x000001e705dd53c0, 0x000001e705dd5678]
Event: 1.453 Thread 0x000001e720046300  928       3       jdk.internal.jimage.ImageStringsReader::hashCode (33 bytes)
Event: 1.453 Thread 0x000001e720046300 nmethod 928 0x000001e705dd5790 code [0x000001e705dd5940, 0x000001e705dd5ab8]
Event: 1.453 Thread 0x000001e720046300  929       3       java.util.Optional::empty (6 bytes)
Event: 1.453 Thread 0x000001e720046300 nmethod 929 0x000001e705dd5b90 code [0x000001e705dd5d20, 0x000001e705dd5e18]
Event: 1.456 Thread 0x000001e720046300  931       3       java.util.WeakHashMap::matchesKey (33 bytes)
Event: 1.457 Thread 0x000001e720046300 nmethod 931 0x000001e705dd5e90 code [0x000001e705dd6060, 0x000001e705dd6578]
Event: 1.458 Thread 0x000001e720046300  932       1       java.lang.String::value (5 bytes)
Event: 1.458 Thread 0x000001e720046300 nmethod 932 0x000001e70d775c10 code [0x000001e70d775da0, 0x000001e70d775e78]
Event: 1.467 Thread 0x000001e720046300  933       3       java.io.InputStream::<init> (5 bytes)
Event: 1.467 Thread 0x000001e720046300 nmethod 933 0x000001e705dd6710 code [0x000001e705dd68a0, 0x000001e705dd69f8]
Event: 1.478 Thread 0x000001e720046300  935       3       java.lang.AbstractStringBuilder::checkRange (63 bytes)
Event: 1.478 Thread 0x000001e720046300 nmethod 935 0x000001e705dd6a90 code [0x000001e705dd6d20, 0x000001e705dd7658]
Event: 1.483 Thread 0x000001e720046300  936       1       java.util.concurrent.locks.AbstractOwnableSynchronizer::setExclusiveOwnerThread (6 bytes)
Event: 1.484 Thread 0x000001e720046300 nmethod 936 0x000001e70d775f10 code [0x000001e70d7760a0, 0x000001e70d7761b8]
Event: 1.488 Thread 0x000001e720046300  937       3       java.util.WeakHashMap::put (160 bytes)
Event: 1.489 Thread 0x000001e720046300 nmethod 937 0x000001e705dd7a10 code [0x000001e705dd7ca0, 0x000001e705dd8ca8]
Event: 1.498 Thread 0x000001e720046300  940       3       java.util.LinkedHashMap::get (29 bytes)
Event: 1.498 Thread 0x000001e720046300 nmethod 940 0x000001e705dd9210 code [0x000001e705dd93c0, 0x000001e705dd9618]

GC Heap History (0 events):
No events

Dll operation events (1 events):
Event: 0.065 Loaded shared library C:\Program Files\JetBrains\IntelliJ IDEA 2023.3.4\jbr\bin\java.dll

Deoptimization events (20 events):
Event: 0.546 Thread 0x000001e7024f0640 Uncommon trap: trap_request=0xffffff45 fr.pc=0x000001e70d737b78 relative=0x0000000000000158
Event: 0.546 Thread 0x000001e7024f0640 Uncommon trap: reason=unstable_if action=reinterpret pc=0x000001e70d737b78 method=java.util.zip.ZipFile$Source.isMetaName([BII)Z @ 15 c2
Event: 0.546 Thread 0x000001e7024f0640 DEOPT PACKING pc=0x000001e70d737b78 sp=0x0000006cc27fd7c0
Event: 0.546 Thread 0x000001e7024f0640 DEOPT UNPACKING pc=0x000001e70d1ea1a3 sp=0x0000006cc27fd768 mode 2
Event: 0.890 Thread 0x000001e7024f0640 Uncommon trap: trap_request=0xffffff6e fr.pc=0x000001e70d74e3c4 relative=0x0000000000000144
Event: 0.890 Thread 0x000001e7024f0640 Uncommon trap: reason=loop_limit_check action=maybe_recompile pc=0x000001e70d74e3c4 method=java.lang.StringLatin1.lastIndexOf([BII)I @ 19 c2
Event: 0.890 Thread 0x000001e7024f0640 DEOPT PACKING pc=0x000001e70d74e3c4 sp=0x0000006cc27fdd00
Event: 0.890 Thread 0x000001e7024f0640 DEOPT UNPACKING pc=0x000001e70d1ea1a3 sp=0x0000006cc27fdc80 mode 2
Event: 0.911 Thread 0x000001e7024f0640 DEOPT PACKING pc=0x000001e705c79d67 sp=0x0000006cc27fe020
Event: 0.911 Thread 0x000001e7024f0640 DEOPT UNPACKING pc=0x000001e70d1eace3 sp=0x0000006cc27fd440 mode 0
Event: 0.917 Thread 0x000001e7024f0640 Uncommon trap: trap_request=0xffffff45 fr.pc=0x000001e70d74e774 relative=0x0000000000000074
Event: 0.917 Thread 0x000001e7024f0640 Uncommon trap: reason=unstable_if action=reinterpret pc=0x000001e70d74e774 method=jdk.internal.misc.Unsafe.convEndian(ZI)I @ 4 c2
Event: 0.917 Thread 0x000001e7024f0640 DEOPT PACKING pc=0x000001e70d74e774 sp=0x0000006cc27fd6a0
Event: 0.917 Thread 0x000001e7024f0640 DEOPT UNPACKING pc=0x000001e70d1ea1a3 sp=0x0000006cc27fd5d0 mode 2
Event: 0.917 Thread 0x000001e7024f0640 Uncommon trap: trap_request=0xffffff45 fr.pc=0x000001e70d74f038 relative=0x0000000000000038
Event: 0.917 Thread 0x000001e7024f0640 Uncommon trap: reason=unstable_if action=reinterpret pc=0x000001e70d74f038 method=jdk.internal.misc.Unsafe.convEndian(ZI)I @ 4 c2
Event: 0.917 Thread 0x000001e7024f0640 DEOPT PACKING pc=0x000001e70d74f038 sp=0x0000006cc27fd640
Event: 0.918 Thread 0x000001e7024f0640 DEOPT UNPACKING pc=0x000001e70d1ea1a3 sp=0x0000006cc27fd5d8 mode 2
Event: 0.930 Thread 0x000001e7024f0640 DEOPT PACKING pc=0x000001e705c76a51 sp=0x0000006cc27fe160
Event: 0.930 Thread 0x000001e7024f0640 DEOPT UNPACKING pc=0x000001e70d1eace3 sp=0x0000006cc27fd5d8 mode 0

Classes unloaded (0 events):
No events

Classes redefined (0 events):
No events

Internal exceptions (20 events):
Event: 0.692 Thread 0x000001e7024f0640 Exception <a 'java/lang/NoSuchMethodError'{0x0000000087cddf70}: 'void java.lang.invoke.DirectMethodHandle$Holder.invokeStaticInit(java.lang.Object, java.lang.Object)'> (0x0000000087cddf70) 
thrown [s\src\hotspot\share\interpreter\linkResolver.cpp, line 771]
Event: 0.695 Thread 0x000001e7024f0640 Exception <a 'java/lang/NoSuchMethodError'{0x0000000087ce7d38}: 'void java.lang.invoke.DirectMethodHandle$Holder.invokeInterface(java.lang.Object, java.lang.Object, java.lang.Object)'> (0x0000000087ce7d38) 
thrown [s\src\hotspot\share\interpreter\linkResolver.cpp, line 771]
Event: 0.695 Thread 0x000001e7024f0640 Exception <a 'java/lang/IncompatibleClassChangeError'{0x0000000087ceb198}: Found class java.lang.Object, but interface was expected> (0x0000000087ceb198) 
thrown [s\src\hotspot\share\interpreter\linkResolver.cpp, line 838]
Event: 0.696 Thread 0x000001e7024f0640 Exception <a 'java/lang/IncompatibleClassChangeError'{0x0000000087cec6f0}: Found class java.lang.Object, but interface was expected> (0x0000000087cec6f0) 
thrown [s\src\hotspot\share\interpreter\linkResolver.cpp, line 838]
Event: 0.696 Thread 0x000001e7024f0640 Exception <a 'java/lang/IncompatibleClassChangeError'{0x0000000087ced6a8}: Found class java.lang.Object, but interface was expected> (0x0000000087ced6a8) 
thrown [s\src\hotspot\share\interpreter\linkResolver.cpp, line 838]
Event: 0.696 Thread 0x000001e7024f0640 Exception <a 'java/lang/IncompatibleClassChangeError'{0x0000000087cee7a0}: Found class java.lang.Object, but interface was expected> (0x0000000087cee7a0) 
thrown [s\src\hotspot\share\interpreter\linkResolver.cpp, line 838]
Event: 0.696 Thread 0x000001e7024f0640 Exception <a 'java/lang/IncompatibleClassChangeError'{0x0000000087cefc80}: Found class java.lang.Object, but interface was expected> (0x0000000087cefc80) 
thrown [s\src\hotspot\share\interpreter\linkResolver.cpp, line 838]
Event: 0.730 Thread 0x000001e7024f0640 Exception <a 'java/lang/NoSuchMethodError'{0x0000000087cfba70}: 'java.lang.Object java.lang.invoke.DirectMethodHandle$Holder.invokeStaticInit(java.lang.Object)'> (0x0000000087cfba70) 
thrown [s\src\hotspot\share\interpreter\linkResolver.cpp, line 771]
Event: 0.762 Thread 0x000001e7024f0640 Exception <a 'java/lang/NoSuchMethodError'{0x0000000087b5b6a0}: 'java.lang.Object java.lang.invoke.DirectMethodHandle$Holder.invokeStaticInit(java.lang.Object, int, int, int, int)'> (0x0000000087b5b6a0) 
thrown [s\src\hotspot\share\interpreter\linkResolver.cpp, line 771]
Event: 0.874 Thread 0x000001e7024f0640 Exception <a 'java/lang/NoSuchMethodError'{0x0000000087be1960}: 'java.lang.Object java.lang.invoke.DirectMethodHandle$Holder.invokeStaticInit(java.lang.Object, java.lang.Object, int, int, int, int)'> (0x0000000087be1960) 
thrown [s\src\hotspot\share\interpreter\linkResolver.cpp, line 771]
Event: 0.998 Thread 0x000001e7024f0640 Exception <a 'java/lang/NoSuchMethodError'{0x00000000879f5950}: 'java.lang.Object java.lang.invoke.Invokers$Holder.linkToTargetMethod(java.lang.Object, long, java.lang.Object)'> (0x00000000879f5950) 
thrown [s\src\hotspot\share\interpreter\linkResolver.cpp, line 771]
Event: 1.201 Thread 0x000001e72003b680 Exception <a 'java/lang/NoSuchMethodError'{0x00000000877edb30}: static [B.<clinit>()V> (0x00000000877edb30) 
thrown [s\src\hotspot\share\prims\jni.cpp, line 1108]
Event: 1.286 Thread 0x000001e72003a750 Exception <a 'java/lang/NoSuchMethodError'{0x0000000087633da8}: static [Ljava/rmi/server/ObjID;.<clinit>()V> (0x0000000087633da8) 
thrown [s\src\hotspot\share\prims\jni.cpp, line 1108]
Event: 1.293 Thread 0x000001e7206e1570 Exception <a 'java/lang/InterruptedException'{0x0000000087645100}> (0x0000000087645100) 
thrown [s\src\hotspot\share\runtime\objectMonitor.cpp, line 1658]
Event: 1.293 Thread 0x000001e72003a750 Exception <a 'java/lang/NoSuchMethodError'{0x000000008763b770}: 'void java.lang.invoke.DirectMethodHandle$Holder.invokeSpecial(java.lang.Object, java.lang.Object, java.lang.Object)'> (0x000000008763b770) 
thrown [s\src\hotspot\share\interpreter\linkResolver.cpp, line 771]
Event: 1.294 Thread 0x000001e72003a750 Exception <a 'java/lang/NoSuchMethodError'{0x000000008763ecd8}: 'void java.lang.invoke.Invokers$Holder.invoke_MT(java.lang.Object, java.lang.Object, java.lang.Object)'> (0x000000008763ecd8) 
thrown [s\src\hotspot\share\interpreter\linkResolver.cpp, line 771]
Event: 1.294 Thread 0x000001e7206e1570 Exception <a 'java/lang/NoSuchMethodError'{0x000000008764d8a0}: 'java.lang.Object java.lang.invoke.DirectMethodHandle$Holder.newInvokeSpecial(java.lang.Object, java.lang.Object, int, java.lang.Object, long)'> (0x000000008764d8a0) 
thrown [s\src\hotspot\share\interpreter\linkResolver.cpp, line 771]
Event: 1.436 Thread 0x000001e72003a750 Exception <a 'java/lang/NoSuchMethodError'{0x00000000874d0400}: 'java.lang.Object java.lang.invoke.DirectMethodHandle$Holder.invokeInterface(java.lang.Object, java.lang.Object)'> (0x00000000874d0400) 
thrown [s\src\hotspot\share\interpreter\linkResolver.cpp, line 771]
Event: 1.494 Thread 0x000001e72003a750 Exception <a 'java/lang/NoSuchMethodError'{0x0000000087349108}: 'java.lang.Object java.lang.invoke.DirectMethodHandle$Holder.invokeVirtual(java.lang.Object, java.lang.Object, java.lang.Object, java.lang.Object)'> (0x0000000087349108) 
thrown [s\src\hotspot\share\interpreter\linkResolver.cpp, line 771]
Event: 1.497 Thread 0x000001e72003a750 Exception <a 'java/lang/NoSuchMethodError'{0x000000008737a938}: 'void java.lang.invoke.DirectMethodHandle$Holder.invokeStatic(java.lang.Object, java.lang.Object, java.lang.Object, java.lang.Object)'> (0x000000008737a938) 
thrown [s\src\hotspot\share\interpreter\linkResolver.cpp, line 771]

VM Operations (4 events):
Event: 0.472 Executing VM operation: HandshakeAllThreads
Event: 0.472 Executing VM operation: HandshakeAllThreads done
Event: 0.701 Executing VM operation: HandshakeAllThreads
Event: 0.701 Executing VM operation: HandshakeAllThreads done

Events (20 events):
Event: 1.487 loading class java/util/stream/ReduceOps$9
Event: 1.487 loading class java/util/stream/ReduceOps$9 done
Event: 1.487 loading class java/util/stream/ReduceOps$CountingSink$OfInt
Event: 1.487 loading class java/util/stream/Sink$OfInt
Event: 1.487 loading class java/util/stream/Sink$OfInt done
Event: 1.487 loading class java/util/stream/ReduceOps$CountingSink
Event: 1.487 loading class java/util/stream/ReduceOps$CountingSink done
Event: 1.487 loading class java/util/stream/ReduceOps$CountingSink$OfInt done
Event: 1.488 loading class java/util/stream/IntPipeline$10$1
Event: 1.488 loading class java/util/stream/Sink$ChainedInt
Event: 1.488 loading class java/util/stream/Sink$ChainedInt done
Event: 1.488 loading class java/util/stream/IntPipeline$10$1 done
Event: 1.489 loading class java/io/UnsupportedEncodingException
Event: 1.489 loading class java/io/UnsupportedEncodingException done
Event: 1.489 loading class java/net/URLDecoder
Event: 1.490 loading class java/net/URLDecoder done
Event: 1.490 loading class java/net/URLEncoder
Event: 1.491 loading class java/net/URLEncoder done
Event: 1.491 loading class java/util/BitSet
Event: 1.493 loading class java/util/BitSet done


Dynamic libraries:
0x00007ff726710000 - 0x00007ff72671a000 	C:\Program Files\JetBrains\IntelliJ IDEA 2023.3.4\jbr\bin\java.exe
0x00007ffba20f0000 - 0x00007ffba2307000 	C:\WINDOWS\SYSTEM32\ntdll.dll
0x00007ffba09f0000 - 0x00007ffba0ab4000 	C:\WINDOWS\System32\KERNEL32.DLL
0x00007ffb9f6f0000 - 0x00007ffb9fa96000 	C:\WINDOWS\System32\KERNELBASE.dll
0x00007ffb9fb10000 - 0x00007ffb9fc21000 	C:\WINDOWS\System32\ucrtbase.dll
0x00007ffb79e80000 - 0x00007ffb79e97000 	C:\Program Files\JetBrains\IntelliJ IDEA 2023.3.4\jbr\bin\jli.dll
0x00007ffb934c0000 - 0x00007ffb934db000 	C:\Program Files\JetBrains\IntelliJ IDEA 2023.3.4\jbr\bin\VCRUNTIME140.dll
0x00007ffba0fb0000 - 0x00007ffba115e000 	C:\WINDOWS\System32\USER32.dll
0x00007ffb9fcf0000 - 0x00007ffb9fd16000 	C:\WINDOWS\System32\win32u.dll
0x00007ffba0660000 - 0x00007ffba0689000 	C:\WINDOWS\System32\GDI32.dll
0x00007ffb9fd20000 - 0x00007ffb9fe38000 	C:\WINDOWS\System32\gdi32full.dll
0x00007ffb9f5d0000 - 0x00007ffb9f66a000 	C:\WINDOWS\System32\msvcp_win.dll
0x00007ffb858c0000 - 0x00007ffb85b53000 	C:\WINDOWS\WinSxS\amd64_microsoft.windows.common-controls_6595b64144ccf1df_6.0.22621.2506_none_270c5ae97388e100\COMCTL32.dll
0x00007ffb9fe60000 - 0x00007ffb9ff07000 	C:\WINDOWS\System32\msvcrt.dll
0x00007ffba2070000 - 0x00007ffba20a1000 	C:\WINDOWS\System32\IMM32.DLL
0x00007ffb9c240000 - 0x00007ffb9c24c000 	C:\Program Files\JetBrains\IntelliJ IDEA 2023.3.4\jbr\bin\vcruntime140_1.dll
0x00007ffb72580000 - 0x00007ffb7260d000 	C:\Program Files\JetBrains\IntelliJ IDEA 2023.3.4\jbr\bin\msvcp140.dll
0x00007ffb4ec00000 - 0x00007ffb4f883000 	C:\Program Files\JetBrains\IntelliJ IDEA 2023.3.4\jbr\bin\server\jvm.dll
0x00007ffba00b0000 - 0x00007ffba0163000 	C:\WINDOWS\System32\ADVAPI32.dll
0x00007ffba0b50000 - 0x00007ffba0bf8000 	C:\WINDOWS\System32\sechost.dll
0x00007ffb9f430000 - 0x00007ffb9f458000 	C:\WINDOWS\System32\bcrypt.dll
0x00007ffba19c0000 - 0x00007ffba1ad7000 	C:\WINDOWS\System32\RPCRT4.dll
0x00007ffb9f150000 - 0x00007ffb9f19d000 	C:\WINDOWS\SYSTEM32\POWRPROF.dll
0x00007ffb94de0000 - 0x00007ffb94e14000 	C:\WINDOWS\SYSTEM32\WINMM.dll
0x00007ffb92c80000 - 0x00007ffb92c8a000 	C:\WINDOWS\SYSTEM32\VERSION.dll
0x00007ffb840a0000 - 0x00007ffb840a9000 	C:\WINDOWS\SYSTEM32\WSOCK32.dll
0x00007ffba1ae0000 - 0x00007ffba1b51000 	C:\WINDOWS\System32\WS2_32.dll
0x00007ffb9f130000 - 0x00007ffb9f143000 	C:\WINDOWS\SYSTEM32\UMPDC.dll
0x00007ffb9e440000 - 0x00007ffb9e458000 	C:\WINDOWS\SYSTEM32\kernel.appcore.dll
0x00007ffb94170000 - 0x00007ffb9417a000 	C:\Program Files\JetBrains\IntelliJ IDEA 2023.3.4\jbr\bin\jimage.dll
0x00007ffb9cdd0000 - 0x00007ffb9d003000 	C:\WINDOWS\SYSTEM32\DBGHELP.DLL
0x00007ffba0190000 - 0x00007ffba0519000 	C:\WINDOWS\System32\combase.dll
0x00007ffb9ff70000 - 0x00007ffba0047000 	C:\WINDOWS\System32\OLEAUT32.dll
0x00007ffb92e80000 - 0x00007ffb92eb2000 	C:\WINDOWS\SYSTEM32\dbgcore.DLL
0x00007ffb9f670000 - 0x00007ffb9f6ea000 	C:\WINDOWS\System32\bcryptPrimitives.dll
0x00007ffb91d80000 - 0x00007ffb91da5000 	C:\Program Files\JetBrains\IntelliJ IDEA 2023.3.4\jbr\bin\java.dll
0x00007ffb92820000 - 0x00007ffb92838000 	C:\Program Files\JetBrains\IntelliJ IDEA 2023.3.4\jbr\bin\zip.dll
0x00007ffba1160000 - 0x00007ffba19bb000 	C:\WINDOWS\System32\SHELL32.dll
0x00007ffb9d340000 - 0x00007ffb9dc36000 	C:\WINDOWS\SYSTEM32\windows.storage.dll
0x00007ffb9d200000 - 0x00007ffb9d33e000 	C:\WINDOWS\SYSTEM32\wintypes.dll
0x00007ffba07f0000 - 0x00007ffba08e3000 	C:\WINDOWS\System32\SHCORE.dll
0x00007ffb9ff10000 - 0x00007ffb9ff6e000 	C:\WINDOWS\System32\shlwapi.dll
0x00007ffb9f360000 - 0x00007ffb9f386000 	C:\WINDOWS\SYSTEM32\profapi.dll
0x00007ffb91d60000 - 0x00007ffb91d79000 	C:\Program Files\JetBrains\IntelliJ IDEA 2023.3.4\jbr\bin\net.dll
0x00007ffb97660000 - 0x00007ffb97797000 	C:\WINDOWS\SYSTEM32\WINHTTP.dll
0x00007ffb9e8b0000 - 0x00007ffb9e919000 	C:\WINDOWS\system32\mswsock.dll
0x00007ffb840e0000 - 0x00007ffb840f6000 	C:\Program Files\JetBrains\IntelliJ IDEA 2023.3.4\jbr\bin\nio.dll
0x00007ffb9dee0000 - 0x00007ffb9df0d000 	C:\WINDOWS\SYSTEM32\IPHLPAPI.DLL
0x00007ffba05e0000 - 0x00007ffba05e9000 	C:\WINDOWS\System32\NSI.dll
0x00007ffb977d0000 - 0x00007ffb977e9000 	C:\WINDOWS\SYSTEM32\dhcpcsvc6.DLL
0x00007ffb972d0000 - 0x00007ffb972ef000 	C:\WINDOWS\SYSTEM32\dhcpcsvc.DLL
0x00007ffb9df10000 - 0x00007ffb9e009000 	C:\WINDOWS\SYSTEM32\DNSAPI.dll
0x00007ffb9ead0000 - 0x00007ffb9eaeb000 	C:\WINDOWS\SYSTEM32\CRYPTSP.dll
0x00007ffb9e3a0000 - 0x00007ffb9e3d5000 	C:\WINDOWS\system32\rsaenh.dll
0x00007ffb9e970000 - 0x00007ffb9e99c000 	C:\WINDOWS\SYSTEM32\USERENV.dll
0x00007ffb9eaf0000 - 0x00007ffb9eafc000 	C:\WINDOWS\SYSTEM32\CRYPTBASE.dll
0x00007ffb840d0000 - 0x00007ffb840d9000 	C:\Program Files\JetBrains\IntelliJ IDEA 2023.3.4\jbr\bin\extnet.dll
0x00007ffb77a30000 - 0x00007ffb77a37000 	C:\Program Files\JetBrains\IntelliJ IDEA 2023.3.4\jbr\bin\rmi.dll

dbghelp: loaded successfully - version: 4.0.5 - missing functions: none
symbol engine: initialized successfully - sym options: 0x614 - pdb path: .;C:\Program Files\JetBrains\IntelliJ IDEA 2023.3.4\jbr\bin;C:\WINDOWS\SYSTEM32;C:\WINDOWS\WinSxS\amd64_microsoft.windows.common-controls_6595b64144ccf1df_6.0.22621.2506_none_270c5ae97388e100;C:\Program Files\JetBrains\IntelliJ IDEA 2023.3.4\jbr\bin\server

VM Arguments:
jvm_args: -Djava.rmi.server.hostname=127.0.0.1 -Duser.timezone=UTC -Xmx2048m -Xms128m -Djdbc.classpath=C:\Program Files\JetBrains\IntelliJ IDEA 2023.3.4\plugins\DatabaseTools\lib\jdbc-console.jar;C:\Users\bianc\AppData\Roaming\JetBrains\IntelliJIdea2023.3\jdbc-drivers\PostgreSQL\42.6.0\org\postgresql\postgresql\42.6.0\postgresql-42.6.0.jar;C:\Users\bianc\AppData\Roaming\JetBrains\IntelliJIdea2023.3\jdbc-drivers\PostgreSQL\42.6.0\org\checkerframework\checker-qual\3.31.0\checker-qual-3.31.0.jar;C:\Users\bianc\AppData\Roaming\JetBrains\IntelliJIdea2023.3\jdbc-drivers\PostgreSQL\42.6.0\com\github\waffle\waffle-jna\1.9.1\waffle-jna-1.9.1.jar;C:\Users\bianc\AppData\Roaming\JetBrains\IntelliJIdea2023.3\jdbc-drivers\PostgreSQL\42.6.0\net\java\dev\jna\jna\4.5.1\jna-4.5.1.jar;C:\Users\bianc\AppData\Roaming\JetBrains\IntelliJIdea2023.3\jdbc-drivers\PostgreSQL\42.6.0\net\java\dev\jna\jna-platform\4.5.1\jna-platform-4.5.1.jar;C:\Users\bianc\AppData\Roaming\JetBrains\IntelliJIdea2023.3\jdbc-drivers\PostgreSQL\42.6.0\org\slf4j\jcl-over-slf4j\1.7.25\jcl-over-slf4j-1.7.25.jar;C:\Users\bianc\AppData\Roaming\JetBrains\IntelliJIdea2023.3\jdbc-drivers\PostgreSQL\42.6.0\org\slf4j\slf4j-api\1.7.25\slf4j-api-1.7.25.jar;C:\Users\bianc\AppData\Roaming\JetBrains\IntelliJIdea2023.3\jdbc-drivers\PostgreSQL\42.6.0\com\github\ben-manes\caffeine\caffeine\2.6.2\caffeine-2.6.2.jar --add-exports=java.desktop/sun.awt=ALL-UNNAMED --add-exports=java.desktop/java.awt.peer=ALL-UNNAMED --add-opens=java.desktop/java.awt=ALL-UNNAMED --add-opens=jdk.unsupported/sun.misc=ALL-UNNAMED --add-opens=java.base/java.nio=ALL-UNNAMED --add-opens=java.base/java.util=ALL-UNNAMED -Dfile.encoding=UTF-8 
java_command: com.intellij.database.remote.RemoteJdbcServer org.postgresql.Driver
java_class_path (initial): C:\Program Files\JetBrains\IntelliJ IDEA 2023.3.4\lib\util_rt.jar;C:\Program Files\JetBrains\IntelliJ IDEA 2023.3.4\lib\util-8.jar;C:\Program Files\JetBrains\IntelliJ IDEA 2023.3.4\lib\groovy.jar;C:\Program Files\JetBrains\IntelliJ IDEA 2023.3.4\plugins\DatabaseTools\lib\jdbc-console.jar;C:\Program Files\JetBrains\IntelliJ IDEA 2023.3.4\plugins\grid-core-impl\lib\jdbc-console-types.jar;C:\Program Files\JetBrains\IntelliJ IDEA 2023.3.4\lib\util.jar
Launcher Type: SUN_STANDARD

[Global flags]
     intx CICompilerCount                          = 3                                         {product} {ergonomic}
     uint ConcGCThreads                            = 1                                         {product} {ergonomic}
     uint G1ConcRefinementThreads                  = 4                                         {product} {ergonomic}
   size_t G1HeapRegionSize                         = 1048576                                   {product} {ergonomic}
    uintx GCDrainStackTargetSize                   = 64                                        {product} {ergonomic}
   size_t InitialHeapSize                          = 134217728                                 {product} {command line}
   size_t MarkStackSize                            = 4194304                                   {product} {ergonomic}
   size_t MaxHeapSize                              = 2147483648                                {product} {command line}
   size_t MaxNewSize                               = 1287651328                                {product} {ergonomic}
   size_t MinHeapDeltaBytes                        = 1048576                                   {product} {ergonomic}
   size_t MinHeapSize                              = 134217728                                 {product} {command line}
    uintx NonNMethodCodeHeapSize                   = 5832780                                {pd product} {ergonomic}
    uintx NonProfiledCodeHeapSize                  = 122912730                              {pd product} {ergonomic}
    uintx ProfiledCodeHeapSize                     = 122912730                              {pd product} {ergonomic}
    uintx ReservedCodeCacheSize                    = 251658240                              {pd product} {ergonomic}
     bool SegmentedCodeCache                       = true                                      {product} {ergonomic}
   size_t SoftMaxHeapSize                          = 2147483648                             {manageable} {ergonomic}
     bool UseCompressedClassPointers               = true                           {product lp64_product} {ergonomic}
     bool UseCompressedOops                        = true                           {product lp64_product} {ergonomic}
     bool UseG1GC                                  = true                                      {product} {ergonomic}
     bool UseLargePagesIndividualAllocation        = false                                  {pd product} {ergonomic}

Logging:
Log output configuration:
 #0: stdout all=warning uptime,level,tags
 #1: stderr all=off uptime,level,tags

Environment Variables:
PATH=C:\Program Files\Common Files\Oracle\Java\javapath;C:\Python312\Scripts\;C:\Python312\;C:\WINDOWS\system32;C:\WINDOWS;C:\WINDOWS\System32\Wbem;C:\WINDOWS\System32\WindowsPowerShell\v1.0\;C:\WINDOWS\System32\OpenSSH\;C:\Program Files\nodejs\;C:\ProgramData\chocolatey\bin;C:\Program Files\Docker\Docker\resources\bin;C:\Program Files\PowerShell\7\;C:\Program Files\Git\cmd;C:\Users\bianc\scoop\apps\postgresql15\current\bin;C:\Users\bianc\scoop\shims;C:\Users\bianc\AppData\Local\Microsoft\WindowsApps;C:\Program Files\JetBrains\IntelliJ IDEA 2023.3.4\bin;C:\Users\bianc\AppData\Local\Programs\Microsoft VS Code\bin;C:\Users\bianc\AppData\Roaming\npm;C:\Users\bianc\AppData\Local\Programs\oh-my-posh\bin
USERNAME=bianc
OS=Windows_NT
PROCESSOR_IDENTIFIER=Intel64 Family 6 Model 140 Stepping 1, GenuineIntel
TMP=C:\Users\bianc\AppData\Local\Temp
TEMP=C:\Users\bianc\AppData\Local\Temp



Periodic native trim disabled

JNI global refs:
JNI global refs: 16, weak refs: 0

JNI global refs memory usage: 843, weak refs: 841

OOME stack traces (most recent first):
Classloader memory used:
Loader bootstrap                                                                       : 1581K
Loader jdk.internal.loader.ClassLoaders$AppClassLoader                                 : 136K
Loader jdk.internal.loader.ClassLoaders$PlatformClassLoader                            : 31076B
Loader com.intellij.database.remote.jdbc.impl.JdbcClassLoader$JdbcClassLoaderImpl      : 26023B
Loader jdk.internal.reflect.DelegatingClassLoader                                      : 7548B


---------------  S Y S T E M  ---------------

OS:
 Windows 11 , 64 bit Build 22621 (10.0.22621.3085)
OS uptime: 0 days 14:06 hours
Hyper-V role detected

CPU: total 4 (initial active 4) (2 cores per cpu, 2 threads per core) family 6 model 140 stepping 1 microcode 0xa6, cx8, cmov, fxsr, ht, mmx, 3dnowpref, sse, sse2, sse3, ssse3, sse4.1, sse4.2, popcnt, lzcnt, tsc, tscinvbit, avx, avx2, aes, erms, clmul, bmi1, bmi2, adx, avx512f, avx512dq, avx512cd, avx512bw, avx512vl, sha, fma, vzeroupper, avx512_vpopcntdq, avx512_vpclmulqdq, avx512_vaes, avx512_vnni, clflush, clflushopt, clwb, avx512_vbmi2, avx512_vbmi, hv
Processor Information for all 4 processors :
  Max Mhz: 2995, Current Mhz: 2995, Mhz Limit: 2995

Memory: 4k page, system-wide physical 3879M (169M free)
TotalPageFile size 15655M (AvailPageFile size 5M)
current process WorkingSet (physical memory assigned to process): 71M, peak: 71M
current process commit charge ("private bytes"): 217M, peak: 219M

vm_info: OpenJDK 64-Bit Server VM (17.0.10+1-b1087.17) for windows-amd64 JRE (17.0.10+1-b1087.17), built on 2024-01-19 by "builduser" with MS VC++ 16.10 / 16.11 (VS2019)

END.
