#
# There is insufficient memory for the Java Runtime Environment to continue.
# Native memory allocation (mmap) failed to map 134217728 bytes for G1 virtual space
# Possible reasons:
#   The system is out of physical RAM or swap space
#   The process is running with CompressedOops enabled, and the Java Heap may be blocking the growth of the native heap
# Possible solutions:
#   Reduce memory load on the system
#   Increase physical memory or swap space
#   Check if swap backing store is full
#   Decrease Java heap size (-Xmx/-Xms)
#   Decrease number of Java threads
#   Decrease Java thread stack sizes (-Xss)
#   Set larger code cache with -XX:ReservedCodeCacheSize=
#   JVM is running with Unscaled Compressed Oops mode in which the Java heap is
#     placed in the first 4GB address space. The Java Heap base address is the
#     maximum limit for the native heap growth. Please use -XX:HeapBaseMinAddress
#     to set the Java Heap base and to place the Java Heap above 4GB virtual address.
# This output file may be truncated or incomplete.
#
#  Out of Memory Error (os_windows.cpp:3825), pid=17760, tid=9568
#
# JRE version:  (17.0.10+1) (build )
# Java VM: OpenJDK 64-Bit Server VM (17.0.10+1-b1087.17, mixed mode, sharing, tiered, compressed oops, compressed class ptrs, g1 gc, windows-amd64)
# No core dump will be written. Minidumps are not enabled by default on client versions of Windows
#

---------------  S U M M A R Y ------------

Command Line: -Djava.rmi.server.hostname=127.0.0.1 -Duser.timezone=UTC -Xmx2048m -Xms128m -Djdbc.classpath=C:\Program Files\JetBrains\IntelliJ IDEA 2023.3.4\plugins\DatabaseTools\lib\jdbc-console.jar;C:\Users\bianc\AppData\Roaming\JetBrains\IntelliJIdea2023.3\jdbc-drivers\PostgreSQL\42.6.0\org\postgresql\postgresql\42.6.0\postgresql-42.6.0.jar;C:\Users\bianc\AppData\Roaming\JetBrains\IntelliJIdea2023.3\jdbc-drivers\PostgreSQL\42.6.0\org\checkerframework\checker-qual\3.31.0\checker-qual-3.31.0.jar;C:\Users\bianc\AppData\Roaming\JetBrains\IntelliJIdea2023.3\jdbc-drivers\PostgreSQL\42.6.0\com\github\waffle\waffle-jna\1.9.1\waffle-jna-1.9.1.jar;C:\Users\bianc\AppData\Roaming\JetBrains\IntelliJIdea2023.3\jdbc-drivers\PostgreSQL\42.6.0\net\java\dev\jna\jna\4.5.1\jna-4.5.1.jar;C:\Users\bianc\AppData\Roaming\JetBrains\IntelliJIdea2023.3\jdbc-drivers\PostgreSQL\42.6.0\net\java\dev\jna\jna-platform\4.5.1\jna-platform-4.5.1.jar;C:\Users\bianc\AppData\Roaming\JetBrains\IntelliJIdea2023.3\jdbc-drivers\PostgreSQL\42.6.0\org\slf4j\jcl-over-slf4j\1.7.25\jcl-over-slf4j-1.7.25.jar;C:\Users\bianc\AppData\Roaming\JetBrains\IntelliJIdea2023.3\jdbc-drivers\PostgreSQL\42.6.0\org\slf4j\slf4j-api\1.7.25\slf4j-api-1.7.25.jar;C:\Users\bianc\AppData\Roaming\JetBrains\IntelliJIdea2023.3\jdbc-drivers\PostgreSQL\42.6.0\com\github\ben-manes\caffeine\caffeine\2.6.2\caffeine-2.6.2.jar --add-exports=java.desktop/sun.awt=ALL-UNNAMED --add-exports=java.desktop/java.awt.peer=ALL-UNNAMED --add-opens=java.desktop/java.awt=ALL-UNNAMED --add-opens=jdk.unsupported/sun.misc=ALL-UNNAMED --add-opens=java.base/java.nio=ALL-UNNAMED --add-opens=java.base/java.util=ALL-UNNAMED -Dfile.encoding=UTF-8 com.intellij.database.remote.RemoteJdbcServer org.postgresql.Driver

Host: 11th Gen Intel(R) Core(TM) i3-1115G4 @ 3.00GHz, 4 cores, 3G,  Windows 11 , 64 bit Build 22621 (10.0.22621.3085)
Time: Wed Feb 28 09:42:59 2024 Hora oficial do Brasil elapsed time: 0.188303 seconds (0d 0h 0m 0s)

---------------  T H R E A D  ---------------

Current thread (0x000001a08461dfa0):  JavaThread "Unknown thread" [_thread_in_vm, id=9568, stack(0x0000002422800000,0x0000002422900000)]

Stack: [0x0000002422800000,0x0000002422900000]
Native frames: (J=compiled Java code, j=interpreted, Vv=VM code, C=native code)
V  [jvm.dll+0x688ac9]
V  [jvm.dll+0x84220a]
V  [jvm.dll+0x843e4e]
V  [jvm.dll+0x8444b3]
V  [jvm.dll+0x24ba8f]
V  [jvm.dll+0x685899]
V  [jvm.dll+0x67a14a]
V  [jvm.dll+0x30c7eb]
V  [jvm.dll+0x313c96]
V  [jvm.dll+0x363a2e]
V  [jvm.dll+0x363c5f]
V  [jvm.dll+0x2e25b8]
V  [jvm.dll+0x2e3524]
V  [jvm.dll+0x812d71]
V  [jvm.dll+0x3718e1]
V  [jvm.dll+0x7f18d6]
V  [jvm.dll+0x3f553f]
V  [jvm.dll+0x3f7171]
C  [jli.dll+0x528f]
C  [ucrtbase.dll+0x29363]
C  [KERNEL32.DLL+0x1257d]
C  [ntdll.dll+0x5aa58]


---------------  P R O C E S S  ---------------

Threads class SMR info:
_java_thread_list=0x00007ffb4f73ef58, length=0, elements={
}

Java Threads: ( => current thread )

Other Threads:
  0x000001a0867fa180 GCTaskThread "GC Thread#0" [stack: 0x0000002422900000,0x0000002422a00000] [id=11144]
  0x000001a08680b870 ConcurrentGCThread "G1 Main Marker" [stack: 0x0000002422a00000,0x0000002422b00000] [id=22492]
  0x000001a08680c290 ConcurrentGCThread "G1 Conc#0" [stack: 0x0000002422b00000,0x0000002422c00000] [id=9020]

[error occurred during error reporting (printing all threads), id 0xc0000005, EXCEPTION_ACCESS_VIOLATION (0xc0000005) at pc=0x00007ffb4eef3187]

VM state: not at safepoint (not fully initialized)

VM Mutex/Monitor currently owned by a thread:  ([mutex/lock_event])
[0x000001a08461bad0] Heap_lock - owner thread: 0x000001a08461dfa0

Heap address: 0x0000000080000000, size: 2048 MB, Compressed Oops mode: 32-bit

CDS archive(s) mapped at: [0x0000000000000000-0x0000000000000000-0x0000000000000000), size 0, SharedBaseAddress: 0x0000000800000000, ArchiveRelocationMode: 1.
Narrow klass base: 0x0000000000000000, Narrow klass shift: 0, Narrow klass range: 0x0

GC Precious Log:
<Empty>

Heap:
 garbage-first heap   total 0K, used 0K [0x0000000080000000, 0x0000000100000000)
  region size 1024K, 0 young (0K), 0 survivors (0K)
 Metaspace       used 0K, committed 0K, reserved 0K
  class space    used 0K, committed 0K, reserved 0K

Heap Regions: E=young(eden), S=young(survivor), O=old, HS=humongous(starts), HC=humongous(continues), CS=collection set, F=free, OA=open archive, CA=closed archive, TAMS=top-at-mark-start (previous, next)

Card table byte_map: [0x000001a099310000,0x000001a099710000] _byte_map_base: 0x000001a098f10000

Marking Bits (Prev, Next): (CMBitMap*) 0x000001a0867fa7a0, (CMBitMap*) 0x000001a0867fa7e0
 Prev Bits: [0x000001a099b10000, 0x000001a09bb10000)
 Next Bits: [0x000001a09bb10000, 0x000001a09db10000)

GC Heap History (0 events):
No events

Dll operation events (1 events):
Event: 0.140 Loaded shared library C:\Program Files\JetBrains\IntelliJ IDEA 2023.3.4\jbr\bin\java.dll

Deoptimization events (0 events):
No events

Classes unloaded (0 events):
No events

Classes redefined (0 events):
No events

Internal exceptions (0 events):
No events

VM Operations (0 events):
No events

Events (0 events):
No events


Dynamic libraries:
0x00007ff726710000 - 0x00007ff72671a000 	C:\Program Files\JetBrains\IntelliJ IDEA 2023.3.4\jbr\bin\java.exe
0x00007ffba20f0000 - 0x00007ffba2307000 	C:\WINDOWS\SYSTEM32\ntdll.dll
0x00007ffba09f0000 - 0x00007ffba0ab4000 	C:\WINDOWS\System32\KERNEL32.DLL
0x00007ffb9f6f0000 - 0x00007ffb9fa96000 	C:\WINDOWS\System32\KERNELBASE.dll
0x00007ffb9fb10000 - 0x00007ffb9fc21000 	C:\WINDOWS\System32\ucrtbase.dll
0x00007ffb79e80000 - 0x00007ffb79e97000 	C:\Program Files\JetBrains\IntelliJ IDEA 2023.3.4\jbr\bin\jli.dll
0x00007ffb934c0000 - 0x00007ffb934db000 	C:\Program Files\JetBrains\IntelliJ IDEA 2023.3.4\jbr\bin\VCRUNTIME140.dll
0x00007ffba0fb0000 - 0x00007ffba115e000 	C:\WINDOWS\System32\USER32.dll
0x00007ffb9fcf0000 - 0x00007ffb9fd16000 	C:\WINDOWS\System32\win32u.dll
0x00007ffba0660000 - 0x00007ffba0689000 	C:\WINDOWS\System32\GDI32.dll
0x00007ffb858c0000 - 0x00007ffb85b53000 	C:\WINDOWS\WinSxS\amd64_microsoft.windows.common-controls_6595b64144ccf1df_6.0.22621.2506_none_270c5ae97388e100\COMCTL32.dll
0x00007ffb9fd20000 - 0x00007ffb9fe38000 	C:\WINDOWS\System32\gdi32full.dll
0x00007ffb9f5d0000 - 0x00007ffb9f66a000 	C:\WINDOWS\System32\msvcp_win.dll
0x00007ffb9fe60000 - 0x00007ffb9ff07000 	C:\WINDOWS\System32\msvcrt.dll
0x00007ffba2070000 - 0x00007ffba20a1000 	C:\WINDOWS\System32\IMM32.DLL
0x00007ffb9c240000 - 0x00007ffb9c24c000 	C:\Program Files\JetBrains\IntelliJ IDEA 2023.3.4\jbr\bin\vcruntime140_1.dll
0x00007ffb72580000 - 0x00007ffb7260d000 	C:\Program Files\JetBrains\IntelliJ IDEA 2023.3.4\jbr\bin\msvcp140.dll
0x00007ffb4ec00000 - 0x00007ffb4f883000 	C:\Program Files\JetBrains\IntelliJ IDEA 2023.3.4\jbr\bin\server\jvm.dll
0x00007ffba00b0000 - 0x00007ffba0163000 	C:\WINDOWS\System32\ADVAPI32.dll
0x00007ffba0b50000 - 0x00007ffba0bf8000 	C:\WINDOWS\System32\sechost.dll
0x00007ffb9f430000 - 0x00007ffb9f458000 	C:\WINDOWS\System32\bcrypt.dll
0x00007ffba19c0000 - 0x00007ffba1ad7000 	C:\WINDOWS\System32\RPCRT4.dll
0x00007ffb840a0000 - 0x00007ffb840a9000 	C:\WINDOWS\SYSTEM32\WSOCK32.dll
0x00007ffb9f150000 - 0x00007ffb9f19d000 	C:\WINDOWS\SYSTEM32\POWRPROF.dll
0x00007ffb92c80000 - 0x00007ffb92c8a000 	C:\WINDOWS\SYSTEM32\VERSION.dll
0x00007ffba1ae0000 - 0x00007ffba1b51000 	C:\WINDOWS\System32\WS2_32.dll
0x00007ffb94de0000 - 0x00007ffb94e14000 	C:\WINDOWS\SYSTEM32\WINMM.dll
0x00007ffb9f130000 - 0x00007ffb9f143000 	C:\WINDOWS\SYSTEM32\UMPDC.dll
0x00007ffb9e440000 - 0x00007ffb9e458000 	C:\WINDOWS\SYSTEM32\kernel.appcore.dll
0x00007ffb94170000 - 0x00007ffb9417a000 	C:\Program Files\JetBrains\IntelliJ IDEA 2023.3.4\jbr\bin\jimage.dll
0x00007ffb9cdd0000 - 0x00007ffb9d003000 	C:\WINDOWS\SYSTEM32\DBGHELP.DLL
0x00007ffba0190000 - 0x00007ffba0519000 	C:\WINDOWS\System32\combase.dll
0x00007ffb9ff70000 - 0x00007ffba0047000 	C:\WINDOWS\System32\OLEAUT32.dll
0x00007ffb92e80000 - 0x00007ffb92eb2000 	C:\WINDOWS\SYSTEM32\dbgcore.DLL
0x00007ffb9f670000 - 0x00007ffb9f6ea000 	C:\WINDOWS\System32\bcryptPrimitives.dll
0x00007ffb91d80000 - 0x00007ffb91da5000 	C:\Program Files\JetBrains\IntelliJ IDEA 2023.3.4\jbr\bin\java.dll

dbghelp: loaded successfully - version: 4.0.5 - missing functions: none
symbol engine: initialized successfully - sym options: 0x614 - pdb path: .;C:\Program Files\JetBrains\IntelliJ IDEA 2023.3.4\jbr\bin;C:\WINDOWS\SYSTEM32;C:\WINDOWS\WinSxS\amd64_microsoft.windows.common-controls_6595b64144ccf1df_6.0.22621.2506_none_270c5ae97388e100;C:\Program Files\JetBrains\IntelliJ IDEA 2023.3.4\jbr\bin\server

VM Arguments:
jvm_args: -Djava.rmi.server.hostname=127.0.0.1 -Duser.timezone=UTC -Xmx2048m -Xms128m -Djdbc.classpath=C:\Program Files\JetBrains\IntelliJ IDEA 2023.3.4\plugins\DatabaseTools\lib\jdbc-console.jar;C:\Users\bianc\AppData\Roaming\JetBrains\IntelliJIdea2023.3\jdbc-drivers\PostgreSQL\42.6.0\org\postgresql\postgresql\42.6.0\postgresql-42.6.0.jar;C:\Users\bianc\AppData\Roaming\JetBrains\IntelliJIdea2023.3\jdbc-drivers\PostgreSQL\42.6.0\org\checkerframework\checker-qual\3.31.0\checker-qual-3.31.0.jar;C:\Users\bianc\AppData\Roaming\JetBrains\IntelliJIdea2023.3\jdbc-drivers\PostgreSQL\42.6.0\com\github\waffle\waffle-jna\1.9.1\waffle-jna-1.9.1.jar;C:\Users\bianc\AppData\Roaming\JetBrains\IntelliJIdea2023.3\jdbc-drivers\PostgreSQL\42.6.0\net\java\dev\jna\jna\4.5.1\jna-4.5.1.jar;C:\Users\bianc\AppData\Roaming\JetBrains\IntelliJIdea2023.3\jdbc-drivers\PostgreSQL\42.6.0\net\java\dev\jna\jna-platform\4.5.1\jna-platform-4.5.1.jar;C:\Users\bianc\AppData\Roaming\JetBrains\IntelliJIdea2023.3\jdbc-drivers\PostgreSQL\42.6.0\org\slf4j\jcl-over-slf4j\1.7.25\jcl-over-slf4j-1.7.25.jar;C:\Users\bianc\AppData\Roaming\JetBrains\IntelliJIdea2023.3\jdbc-drivers\PostgreSQL\42.6.0\org\slf4j\slf4j-api\1.7.25\slf4j-api-1.7.25.jar;C:\Users\bianc\AppData\Roaming\JetBrains\IntelliJIdea2023.3\jdbc-drivers\PostgreSQL\42.6.0\com\github\ben-manes\caffeine\caffeine\2.6.2\caffeine-2.6.2.jar --add-exports=java.desktop/sun.awt=ALL-UNNAMED --add-exports=java.desktop/java.awt.peer=ALL-UNNAMED --add-opens=java.desktop/java.awt=ALL-UNNAMED --add-opens=jdk.unsupported/sun.misc=ALL-UNNAMED --add-opens=java.base/java.nio=ALL-UNNAMED --add-opens=java.base/java.util=ALL-UNNAMED -Dfile.encoding=UTF-8 
java_command: com.intellij.database.remote.RemoteJdbcServer org.postgresql.Driver
java_class_path (initial): C:\Program Files\JetBrains\IntelliJ IDEA 2023.3.4\lib\util_rt.jar;C:\Program Files\JetBrains\IntelliJ IDEA 2023.3.4\lib\util-8.jar;C:\Program Files\JetBrains\IntelliJ IDEA 2023.3.4\lib\groovy.jar;C:\Program Files\JetBrains\IntelliJ IDEA 2023.3.4\plugins\DatabaseTools\lib\jdbc-console.jar;C:\Program Files\JetBrains\IntelliJ IDEA 2023.3.4\plugins\grid-core-impl\lib\jdbc-console-types.jar;C:\Program Files\JetBrains\IntelliJ IDEA 2023.3.4\lib\util.jar
Launcher Type: SUN_STANDARD

[Global flags]
     intx CICompilerCount                          = 3                                         {product} {ergonomic}
     uint ConcGCThreads                            = 1                                         {product} {ergonomic}
     uint G1ConcRefinementThreads                  = 4                                         {product} {ergonomic}
   size_t G1HeapRegionSize                         = 1048576                                   {product} {ergonomic}
    uintx GCDrainStackTargetSize                   = 64                                        {product} {ergonomic}
   size_t InitialHeapSize                          = 134217728                                 {product} {command line}
   size_t MarkStackSize                            = 4194304                                   {product} {ergonomic}
   size_t MaxHeapSize                              = 2147483648                                {product} {command line}
   size_t MinHeapDeltaBytes                        = 1048576                                   {product} {ergonomic}
   size_t MinHeapSize                              = 134217728                                 {product} {command line}
    uintx NonNMethodCodeHeapSize                   = 5832780                                {pd product} {ergonomic}
    uintx NonProfiledCodeHeapSize                  = 122912730                              {pd product} {ergonomic}
    uintx ProfiledCodeHeapSize                     = 122912730                              {pd product} {ergonomic}
    uintx ReservedCodeCacheSize                    = 251658240                              {pd product} {ergonomic}
     bool SegmentedCodeCache                       = true                                      {product} {ergonomic}
   size_t SoftMaxHeapSize                          = 2147483648                             {manageable} {ergonomic}
     bool UseCompressedClassPointers               = true                           {product lp64_product} {ergonomic}
     bool UseCompressedOops                        = true                           {product lp64_product} {ergonomic}
     bool UseG1GC                                  = true                                      {product} {ergonomic}
     bool UseLargePagesIndividualAllocation        = false                                  {pd product} {ergonomic}

Logging:
Log output configuration:
 #0: stdout all=warning uptime,level,tags
 #1: stderr all=off uptime,level,tags

Environment Variables:
PATH=C:\Program Files\Common Files\Oracle\Java\javapath;C:\Python312\Scripts\;C:\Python312\;C:\WINDOWS\system32;C:\WINDOWS;C:\WINDOWS\System32\Wbem;C:\WINDOWS\System32\WindowsPowerShell\v1.0\;C:\WINDOWS\System32\OpenSSH\;C:\Program Files\nodejs\;C:\ProgramData\chocolatey\bin;C:\Program Files\Docker\Docker\resources\bin;C:\Program Files\PowerShell\7\;C:\Program Files\Git\cmd;C:\Users\bianc\scoop\apps\postgresql15\current\bin;C:\Users\bianc\scoop\shims;C:\Users\bianc\AppData\Local\Microsoft\WindowsApps;C:\Program Files\JetBrains\IntelliJ IDEA 2023.3.4\bin;C:\Users\bianc\AppData\Local\Programs\Microsoft VS Code\bin;C:\Users\bianc\AppData\Roaming\npm;C:\Users\bianc\AppData\Local\Programs\oh-my-posh\bin
USERNAME=bianc
OS=Windows_NT
PROCESSOR_IDENTIFIER=Intel64 Family 6 Model 140 Stepping 1, GenuineIntel
TMP=C:\Users\bianc\AppData\Local\Temp
TEMP=C:\Users\bianc\AppData\Local\Temp



Periodic native trim disabled

JNI global refs:
JNI global refs: 0, weak refs: 0

JNI global refs memory usage: 0, weak refs: 0

OOME stack traces (most recent first):
Classloader memory used:


---------------  S Y S T E M  ---------------

OS:
 Windows 11 , 64 bit Build 22621 (10.0.22621.3085)
OS uptime: 0 days 14:06 hours
Hyper-V role detected

CPU: total 4 (initial active 4) (2 cores per cpu, 2 threads per core) family 6 model 140 stepping 1 microcode 0xa6, cx8, cmov, fxsr, ht, mmx, 3dnowpref, sse, sse2, sse3, ssse3, sse4.1, sse4.2, popcnt, lzcnt, tsc, tscinvbit, avx, avx2, aes, erms, clmul, bmi1, bmi2, adx, avx512f, avx512dq, avx512cd, avx512bw, avx512vl, sha, fma, vzeroupper, avx512_vpopcntdq, avx512_vpclmulqdq, avx512_vaes, avx512_vnni, clflush, clflushopt, clwb, avx512_vbmi2, avx512_vbmi, hv
Processor Information for all 4 processors :
  Max Mhz: 2995, Current Mhz: 2995, Mhz Limit: 2995

Memory: 4k page, system-wide physical 3879M (12M free)
TotalPageFile size 15655M (AvailPageFile size 102M)
current process WorkingSet (physical memory assigned to process): 10M, peak: 10M
current process commit charge ("private bytes"): 52M, peak: 180M

vm_info: OpenJDK 64-Bit Server VM (17.0.10+1-b1087.17) for windows-amd64 JRE (17.0.10+1-b1087.17), built on 2024-01-19 by "builduser" with MS VC++ 16.10 / 16.11 (VS2019)

END.
